Build started 04.09.2014 22:52:15.
     1>Project "D:\SINS Solution\MovingImitator_Azimut\SINS_Aligment\SINS_Aligment.vcxproj" on node 3 (Rebuild target(s)).
     1>C:\Program Files (x86)\MSBuild\Microsoft.Cpp\v4.0\V110\Microsoft.CppBuild.targets(346,5): warning MSB8004: Output Directory does not end with a trailing slash.  This build instance will add the slash as it is required to allow proper evaluation of the Output Directory.
     1>ClCompile:
         C:\Program Files (x86)\Microsoft Visual Studio 11.0\VC\bin\CL.exe /c /Zi /nologo /W3 /WX- /Od /Oy- /D WIN32 /D _DEBUG /D _UNICODE /D UNICODE /Gm- /EHsc /MDd /GS /fp:precise /Zc:wchar_t /Zc:forScope /Fo"Debug\\" /Fd"Debug\vc110.pdb" /Gd /TP /analyze- /errorReport:prompt main.cpp base_function.cpp main_function.cpp
         main.cpp
     1>main.cpp(26): warning C4996: 'fopen': This function or variable may be unsafe. Consider using fopen_s instead. To disable deprecation, use _CRT_SECURE_NO_WARNINGS. See online help for details.
                 C:\Program Files (x86)\Microsoft Visual Studio 11.0\VC\include\stdio.h(218) : see declaration of 'fopen'
     1>main.cpp(27): warning C4996: 'fopen': This function or variable may be unsafe. Consider using fopen_s instead. To disable deprecation, use _CRT_SECURE_NO_WARNINGS. See online help for details.
                 C:\Program Files (x86)\Microsoft Visual Studio 11.0\VC\include\stdio.h(218) : see declaration of 'fopen'
     1>main.cpp(28): warning C4996: 'fopen': This function or variable may be unsafe. Consider using fopen_s instead. To disable deprecation, use _CRT_SECURE_NO_WARNINGS. See online help for details.
                 C:\Program Files (x86)\Microsoft Visual Studio 11.0\VC\include\stdio.h(218) : see declaration of 'fopen'
     1>d:\sins solution\movingimitator_azimut\sins_aligment\CovarianceMatrix.h(21): warning C4996: 'fopen': This function or variable may be unsafe. Consider using fopen_s instead. To disable deprecation, use _CRT_SECURE_NO_WARNINGS. See online help for details.
                 C:\Program Files (x86)\Microsoft Visual Studio 11.0\VC\include\stdio.h(218) : see declaration of 'fopen'
     1>d:\sins solution\movingimitator_azimut\sins_aligment\CovarianceMatrix.h(24): warning C4996: 'fopen': This function or variable may be unsafe. Consider using fopen_s instead. To disable deprecation, use _CRT_SECURE_NO_WARNINGS. See online help for details.
                 C:\Program Files (x86)\Microsoft Visual Studio 11.0\VC\include\stdio.h(218) : see declaration of 'fopen'
     1>d:\sins solution\movingimitator_azimut\sins_aligment\CovarianceMatrix.h(27): warning C4996: 'fopen': This function or variable may be unsafe. Consider using fopen_s instead. To disable deprecation, use _CRT_SECURE_NO_WARNINGS. See online help for details.
                 C:\Program Files (x86)\Microsoft Visual Studio 11.0\VC\include\stdio.h(218) : see declaration of 'fopen'
     1>d:\sins solution\movingimitator_azimut\sins_aligment\CovarianceMatrix.h(29): warning C4996: 'fopen': This function or variable may be unsafe. Consider using fopen_s instead. To disable deprecation, use _CRT_SECURE_NO_WARNINGS. See online help for details.
                 C:\Program Files (x86)\Microsoft Visual Studio 11.0\VC\include\stdio.h(218) : see declaration of 'fopen'
     1>main.cpp(141): warning C4996: 'sscanf': This function or variable may be unsafe. Consider using sscanf_s instead. To disable deprecation, use _CRT_SECURE_NO_WARNINGS. See online help for details.
                 C:\Program Files (x86)\Microsoft Visual Studio 11.0\VC\include\stdio.h(311) : see declaration of 'sscanf'
     1>main.cpp(185): warning C4258: 'i' : definition from the for loop is ignored; the definition from the enclosing scope is used
                 main.cpp(165) : definition of 'i' ignored
                 main.cpp(11) : definition of 'i' used
     1>main.cpp(186): warning C4258: 'i' : definition from the for loop is ignored; the definition from the enclosing scope is used
                 main.cpp(165) : definition of 'i' ignored
                 main.cpp(11) : definition of 'i' used
     1>main.cpp(251): warning C4258: 'i' : definition from the for loop is ignored; the definition from the enclosing scope is used
                 main.cpp(165) : definition of 'i' ignored
                 main.cpp(11) : definition of 'i' used
     1>main.cpp(253): warning C4258: 'i' : definition from the for loop is ignored; the definition from the enclosing scope is used
                 main.cpp(165) : definition of 'i' ignored
                 main.cpp(11) : definition of 'i' used
     1>main.cpp(254): warning C4258: 'i' : definition from the for loop is ignored; the definition from the enclosing scope is used
                 main.cpp(165) : definition of 'i' ignored
                 main.cpp(11) : definition of 'i' used
     1>main.cpp(11): warning C4101: 'b' : unreferenced local variable
     1>main.cpp(14): warning C4101: 'Temp3' : unreferenced local variable
     1>main.cpp(11): warning C4101: 'j' : unreferenced local variable
         base_function.cpp
     1>base_function.cpp(54): warning C4996: 'fopen': This function or variable may be unsafe. Consider using fopen_s instead. To disable deprecation, use _CRT_SECURE_NO_WARNINGS. See online help for details.
                 C:\Program Files (x86)\Microsoft Visual Studio 11.0\VC\include\stdio.h(218) : see declaration of 'fopen'
     1>base_function.cpp(117): warning C4996: 'sprintf': This function or variable may be unsafe. Consider using sprintf_s instead. To disable deprecation, use _CRT_SECURE_NO_WARNINGS. See online help for details.
                 C:\Program Files (x86)\Microsoft Visual Studio 11.0\VC\include\stdio.h(357) : see declaration of 'sprintf'
     1>base_function.cpp(118): warning C4996: 'sprintf': This function or variable may be unsafe. Consider using sprintf_s instead. To disable deprecation, use _CRT_SECURE_NO_WARNINGS. See online help for details.
                 C:\Program Files (x86)\Microsoft Visual Studio 11.0\VC\include\stdio.h(357) : see declaration of 'sprintf'
         main_function.cpp
     1>main_function.cpp(35): warning C4996: 'sscanf': This function or variable may be unsafe. Consider using sscanf_s instead. To disable deprecation, use _CRT_SECURE_NO_WARNINGS. See online help for details.
                 C:\Program Files (x86)\Microsoft Visual Studio 11.0\VC\include\stdio.h(311) : see declaration of 'sscanf'
     1>main_function.cpp(185): warning C4101: 'i' : unreferenced local variable
     1>main_function.cpp(188): warning C4101: 'measure' : unreferenced local variable
         Generating Code...
       Link:
         C:\Program Files (x86)\Microsoft Visual Studio 11.0\VC\bin\link.exe /ERRORREPORT:PROMPT /OUT:".\SINS_Aligment.exe" /INCREMENTAL /NOLOGO /MANIFEST /MANIFESTUAC:"level='asInvoker' uiAccess='false'" /manifest:embed /DEBUG /PDB:".\SINS_Aligment.pdb" /ASSEMBLYDEBUG /TLBID:1 /DYNAMICBASE /NXCOMPAT /IMPLIB:".\SINS_Aligment.lib" /MACHINE:X86 /SAFESEH Debug\main.obj
         Debug\base_function.obj
         Debug\main_function.obj
            Creating library .\SINS_Aligment.lib and object .\SINS_Aligment.exp
         SINS_Aligment.vcxproj -> D:\SINS Solution\MovingImitator_Azimut\SINS_Aligment\.\SINS_Aligment.exe
     1>Done Building Project "D:\SINS Solution\MovingImitator_Azimut\SINS_Aligment\SINS_Aligment.vcxproj" (Rebuild target(s)).

Build succeeded.

Time Elapsed 00:00:02.65
