D:\SINS SOLUTION\MOVINGIMITATOR_AZIMUT\SINS_ALIGMENT\DEBUG\MAIN_FUNCTION.OBJ
D:\SINS SOLUTION\MOVINGIMITATOR_AZIMUT\SINS_ALIGMENT\DEBUG\BASE_FUNCTION.OBJ
D:\SINS SOLUTION\MOVINGIMITATOR_AZIMUT\SINS_ALIGMENT\DEBUG\MAIN.OBJ
D:\SINS SOLUTION\MOVINGIMITATOR_AZIMUT\SINS_ALIGMENT\DEBUG\VC110.PDB
D:\SINS SOLUTION\MOVINGIMITATOR_AZIMUT\SINS_ALIGMENT\SINS_ALIGMENT.ILK
D:\SINS SOLUTION\MOVINGIMITATOR_AZIMUT\SINS_ALIGMENT\SINS_ALIGMENT.EXE
D:\SINS SOLUTION\MOVINGIMITATOR_AZIMUT\SINS_ALIGMENT\SINS_ALIGMENT.PDB
D:\SINS Solution\MovingImitator_Azimut\SINS_Aligment\SINS_Aligment.lib
D:\SINS Solution\MovingImitator_Azimut\SINS_Aligment\SINS_Aligment.exp
D:\SINS Solution\MovingImitator_Azimut\SINS_Aligment\Debug\base_function.obj
D:\SINS Solution\MovingImitator_Azimut\SINS_Aligment\Debug\main.obj
D:\SINS Solution\MovingImitator_Azimut\SINS_Aligment\Debug\main_function.obj
D:\SINS Solution\MovingImitator_Azimut\SINS_Aligment\Debug\cl.command.1.tlog
D:\SINS Solution\MovingImitator_Azimut\SINS_Aligment\Debug\CL.read.1.tlog
D:\SINS Solution\MovingImitator_Azimut\SINS_Aligment\Debug\CL.write.1.tlog
D:\SINS Solution\MovingImitator_Azimut\SINS_Aligment\Debug\link-cvtres.read.1.tlog
D:\SINS Solution\MovingImitator_Azimut\SINS_Aligment\Debug\link-cvtres.write.1.tlog
D:\SINS Solution\MovingImitator_Azimut\SINS_Aligment\Debug\link-rc.read.1.tlog
D:\SINS Solution\MovingImitator_Azimut\SINS_Aligment\Debug\link-rc.write.1.tlog
D:\SINS Solution\MovingImitator_Azimut\SINS_Aligment\Debug\link.4856-cvtres.read.1.tlog
D:\SINS Solution\MovingImitator_Azimut\SINS_Aligment\Debug\link.4856-cvtres.write.1.tlog
D:\SINS Solution\MovingImitator_Azimut\SINS_Aligment\Debug\link.4856.read.1.tlog
D:\SINS Solution\MovingImitator_Azimut\SINS_Aligment\Debug\link.4856.write.1.tlog
D:\SINS Solution\MovingImitator_Azimut\SINS_Aligment\Debug\link.command.1.tlog
D:\SINS Solution\MovingImitator_Azimut\SINS_Aligment\Debug\link.read.1.tlog
D:\SINS Solution\MovingImitator_Azimut\SINS_Aligment\Debug\link.write.1.tlog
D:\SINS Solution\MovingImitator_Azimut\SINS_Aligment\Debug\mt.command.1.tlog
D:\SINS Solution\MovingImitator_Azimut\SINS_Aligment\Debug\mt.read.1.tlog
D:\SINS Solution\MovingImitator_Azimut\SINS_Aligment\Debug\mt.write.1.tlog
D:\SINS Solution\MovingImitator_Azimut\SINS_Aligment\Debug\rc.command.1.tlog
D:\SINS Solution\MovingImitator_Azimut\SINS_Aligment\Debug\rc.read.1.tlog
D:\SINS Solution\MovingImitator_Azimut\SINS_Aligment\Debug\rc.write.1.tlog
D:\SINS Solution\MovingImitator_Azimut\SINS_Aligment\Debug\SINS_Aligment.write.1.tlog
D:\SINS Solution\MovingImitator_Azimut\SINS_Aligment\Debug\SINS_Aligment.exe.embed.manifest
D:\SINS Solution\MovingImitator_Azimut\SINS_Aligment\Debug\SINS_Aligment.exe.intermediate.manifest
D:\SINS Solution\MovingImitator_Azimut\SINS_Aligment\Debug\SINS_Aligment.exe.embed.manifest.res
D:\SINS Solution\MovingImitator_Azimut\SINS_Aligment\Debug\vc100.pdb
D:\SINS Solution\MovingImitator_Azimut\SINS_Aligment\Debug\vc110.pdb
D:\SINS Solution\MovingImitator_Azimut\SINS_Aligment\Debug\SINS_Aligment_manifest.rc
D:\SINS Solution\MovingImitator_Azimut\SINS_Aligment\.\SINS_Aligment.exe
