.\SINS_Aligment.ilk
.\SINS_Aligment.pdb
D:\Ботва\Postgraduate\1#_Scientific work\1#_Software\1#_Mine\MovingImitator_Azimut\SINS_Aligment\.\SINS_Aligment.exe
D:\Ботва\POSTGRADUATE\1#_SCIENTIFIC WORK\1#_SOFTWARE\1#_MINE\MOVINGIMITATOR_AZIMUT\SINS_ALIGMENT\DEBUG\BASE_FUNCTION.OBJ
D:\Ботва\Postgraduate\1#_Scientific work\1#_Software\1#_Mine\MovingImitator_Azimut\SINS_Aligment\Debug\cl.command.1.tlog
D:\Ботва\Postgraduate\1#_Scientific work\1#_Software\1#_Mine\MovingImitator_Azimut\SINS_Aligment\Debug\CL.read.1.tlog
D:\Ботва\Postgraduate\1#_Scientific work\1#_Software\1#_Mine\MovingImitator_Azimut\SINS_Aligment\Debug\CL.write.1.tlog
D:\Ботва\Postgraduate\1#_Scientific work\1#_Software\1#_Mine\MovingImitator_Azimut\SINS_Aligment\Debug\link.command.1.tlog
D:\Ботва\Postgraduate\1#_Scientific work\1#_Software\1#_Mine\MovingImitator_Azimut\SINS_Aligment\Debug\link.read.1.tlog
D:\Ботва\Postgraduate\1#_Scientific work\1#_Software\1#_Mine\MovingImitator_Azimut\SINS_Aligment\Debug\link.write.1.tlog
D:\Ботва\Postgraduate\1#_Scientific work\1#_Software\1#_Mine\MovingImitator_Azimut\SINS_Aligment\Debug\link-cvtres.read.1.tlog
D:\Ботва\Postgraduate\1#_Scientific work\1#_Software\1#_Mine\MovingImitator_Azimut\SINS_Aligment\Debug\link-cvtres.write.1.tlog
D:\Ботва\POSTGRADUATE\1#_SCIENTIFIC WORK\1#_SOFTWARE\1#_MINE\MOVINGIMITATOR_AZIMUT\SINS_ALIGMENT\DEBUG\MAIN.OBJ
D:\Ботва\POSTGRADUATE\1#_SCIENTIFIC WORK\1#_SOFTWARE\1#_MINE\MOVINGIMITATOR_AZIMUT\SINS_ALIGMENT\DEBUG\MAIN_FUNCTION.OBJ
D:\Ботва\Postgraduate\1#_Scientific work\1#_Software\1#_Mine\MovingImitator_Azimut\SINS_Aligment\Debug\mt.command.1.tlog
D:\Ботва\Postgraduate\1#_Scientific work\1#_Software\1#_Mine\MovingImitator_Azimut\SINS_Aligment\Debug\mt.read.1.tlog
D:\Ботва\Postgraduate\1#_Scientific work\1#_Software\1#_Mine\MovingImitator_Azimut\SINS_Aligment\Debug\mt.write.1.tlog
D:\Ботва\Postgraduate\1#_Scientific work\1#_Software\1#_Mine\MovingImitator_Azimut\SINS_Aligment\Debug\rc.command.1.tlog
D:\Ботва\Postgraduate\1#_Scientific work\1#_Software\1#_Mine\MovingImitator_Azimut\SINS_Aligment\Debug\rc.read.1.tlog
D:\Ботва\Postgraduate\1#_Scientific work\1#_Software\1#_Mine\MovingImitator_Azimut\SINS_Aligment\Debug\rc.write.1.tlog
D:\Ботва\POSTGRADUATE\1#_SCIENTIFIC WORK\1#_SOFTWARE\1#_MINE\MOVINGIMITATOR_AZIMUT\SINS_ALIGMENT\DEBUG\SINS_ALIGMENT.EXE.EMBED.MANIFEST
D:\Ботва\POSTGRADUATE\1#_SCIENTIFIC WORK\1#_SOFTWARE\1#_MINE\MOVINGIMITATOR_AZIMUT\SINS_ALIGMENT\DEBUG\SINS_ALIGMENT.EXE.EMBED.MANIFEST.RES
D:\Ботва\POSTGRADUATE\1#_SCIENTIFIC WORK\1#_SOFTWARE\1#_MINE\MOVINGIMITATOR_AZIMUT\SINS_ALIGMENT\DEBUG\SINS_ALIGMENT.EXE.INTERMEDIATE.MANIFEST
D:\Ботва\Postgraduate\1#_Scientific work\1#_Software\1#_Mine\MovingImitator_Azimut\SINS_Aligment\Debug\SINS_Aligment.write.1.tlog
D:\Ботва\Postgraduate\1#_Scientific work\1#_Software\1#_Mine\MovingImitator_Azimut\SINS_Aligment\Debug\SINS_Aligment_manifest.rc
D:\БОТВА\POSTGRADUATE\1#_SCIENTIFIC WORK\1#_SOFTWARE\1#_MINE\MOVINGIMITATOR_AZIMUT\SINS_ALIGMENT\DEBUG\VC100.PDB
D:\Ботва\POSTGRADUATE\1#_SCIENTIFIC WORK\1#_SOFTWARE\1#_MINE\MOVINGIMITATOR_AZIMUT\SINS_ALIGMENT\SINS_ALIGMENT.EXE
D:\Ботва\Postgraduate\1#_Scientific work\1#_Software\1#_Mine\MovingImitator_Azimut\SINS_Aligment\SINS_Aligment.exp
D:\Ботва\POSTGRADUATE\1#_SCIENTIFIC WORK\1#_SOFTWARE\1#_MINE\MOVINGIMITATOR_AZIMUT\SINS_ALIGMENT\SINS_ALIGMENT.ILK
D:\Ботва\Postgraduate\1#_Scientific work\1#_Software\1#_Mine\MovingImitator_Azimut\SINS_Aligment\SINS_Aligment.lib
D:\БОТВА\POSTGRADUATE\1#_SCIENTIFIC WORK\1#_SOFTWARE\1#_MINE\MOVINGIMITATOR_AZIMUT\SINS_ALIGMENT\SINS_ALIGMENT.PDB
