.\SINS_Aligment.pdb
D:\Ботва\Postgraduate\1#_Scientific work\1#_Software\1#_Mine\Motion Imitator\SINS_Aligment\.\SINS_Aligment.dll
D:\Ботва\POSTGRADUATE\1#_SCIENTIFIC WORK\1#_SOFTWARE\1#_MINE\MOTION IMITATOR\SINS_ALIGMENT\RELEASE\BASE_FUNCTION.OBJ
D:\Ботва\Postgraduate\1#_Scientific work\1#_Software\1#_Mine\Motion Imitator\SINS_Aligment\Release\cl.command.1.tlog
D:\Ботва\Postgraduate\1#_Scientific work\1#_Software\1#_Mine\Motion Imitator\SINS_Aligment\Release\CL.read.1.tlog
D:\Ботва\Postgraduate\1#_Scientific work\1#_Software\1#_Mine\Motion Imitator\SINS_Aligment\Release\CL.write.1.tlog
D:\Ботва\Postgraduate\1#_Scientific work\1#_Software\1#_Mine\Motion Imitator\SINS_Aligment\Release\link.command.1.tlog
D:\Ботва\Postgraduate\1#_Scientific work\1#_Software\1#_Mine\Motion Imitator\SINS_Aligment\Release\link.read.1.tlog
D:\Ботва\Postgraduate\1#_Scientific work\1#_Software\1#_Mine\Motion Imitator\SINS_Aligment\Release\link.write.1.tlog
D:\Ботва\POSTGRADUATE\1#_SCIENTIFIC WORK\1#_SOFTWARE\1#_MINE\MOTION IMITATOR\SINS_ALIGMENT\RELEASE\MAIN.OBJ
D:\Ботва\POSTGRADUATE\1#_SCIENTIFIC WORK\1#_SOFTWARE\1#_MINE\MOTION IMITATOR\SINS_ALIGMENT\RELEASE\MAIN_FUNCTION.OBJ
D:\Ботва\Postgraduate\1#_Scientific work\1#_Software\1#_Mine\Motion Imitator\SINS_Aligment\Release\mt.command.1.tlog
D:\Ботва\Postgraduate\1#_Scientific work\1#_Software\1#_Mine\Motion Imitator\SINS_Aligment\Release\mt.read.1.tlog
D:\Ботва\Postgraduate\1#_Scientific work\1#_Software\1#_Mine\Motion Imitator\SINS_Aligment\Release\mt.write.1.tlog
D:\Ботва\POSTGRADUATE\1#_SCIENTIFIC WORK\1#_SOFTWARE\1#_MINE\MOTION IMITATOR\SINS_ALIGMENT\RELEASE\SINS_ALIGMENT.DLL.INTERMEDIATE.MANIFEST
D:\Ботва\Postgraduate\1#_Scientific work\1#_Software\1#_Mine\Motion Imitator\SINS_Aligment\Release\SINS_Aligment.write.1.tlog
D:\БОТВА\POSTGRADUATE\1#_SCIENTIFIC WORK\1#_SOFTWARE\1#_MINE\MOTION IMITATOR\SINS_ALIGMENT\RELEASE\VC100.PDB
D:\Ботва\POSTGRADUATE\1#_SCIENTIFIC WORK\1#_SOFTWARE\1#_MINE\MOTION IMITATOR\SINS_ALIGMENT\SINS_ALIGMENT.DLL
D:\Ботва\Postgraduate\1#_Scientific work\1#_Software\1#_Mine\Motion Imitator\SINS_Aligment\SINS_Aligment.exp
D:\Ботва\Postgraduate\1#_Scientific work\1#_Software\1#_Mine\Motion Imitator\SINS_Aligment\SINS_Aligment.lib
D:\БОТВА\POSTGRADUATE\1#_SCIENTIFIC WORK\1#_SOFTWARE\1#_MINE\MOTION IMITATOR\SINS_ALIGMENT\SINS_ALIGMENT.PDB
